  ssao.cpp
D:\junior_2\CG\ssao\includes\common\shader.h(57,40): warning C4101: “e”: 未引用的局部变量
D:\junior_2\CG\ssao\includes\common\mesh.h(79,1): warning C4267: “参数”: 从“size_t”转换到“GLsizei”，可能丢失数据
D:\junior_2\CG\ssao\src\ssao.cpp(170,21): warning C4244: “初始化”: 从“double”转换到“float”，可能丢失数据
D:\junior_2\CG\ssao\src\ssao.cpp(215,28): warning C4244: “初始化”: 从“double”转换到“float”，可能丢失数据
D:\junior_2\CG\ssao\src\ssao.cpp(288,36): warning C4305: “初始化”: 从“double”到“float”截断
D:\junior_2\CG\ssao\src\ssao.cpp(289,37): warning C4305: “初始化”: 从“double”到“float”截断
D:\junior_2\CG\ssao\src\ssao.cpp(446,18): warning C4244: “=”: 从“double”转换到“float”，可能丢失数据
D:\junior_2\CG\ssao\src\ssao.cpp(447,18): warning C4244: “=”: 从“double”转换到“float”，可能丢失数据
D:\junior_2\CG\ssao\src\ssao.cpp(451,20): warning C4244: “初始化”: 从“double”转换到“float”，可能丢失数据
D:\junior_2\CG\ssao\src\ssao.cpp(452,20): warning C4244: “初始化”: 从“double”转换到“float”，可能丢失数据
D:\junior_2\CG\ssao\src\ssao.cpp(454,14): warning C4244: “=”: 从“double”转换到“float”，可能丢失数据
D:\junior_2\CG\ssao\src\ssao.cpp(455,14): warning C4244: “=”: 从“double”转换到“float”，可能丢失数据
D:\junior_2\CG\ssao\src\ssao.cpp(462,31): warning C4244: “参数”: 从“double”转换到“float”，可能丢失数据
glfw3.lib(context.obj) : warning LNK4099: 未找到 PDB“glfw.pdb”(使用“glfw3.lib(context.obj)”或在“D:\junior_2\CG\ssao\x64\Debug\glfw.pdb”中寻找)；正在链接对象，如同没有调试信息一样
glfw3.lib(init.obj) : warning LNK4099: 未找到 PDB“glfw.pdb”(使用“glfw3.lib(init.obj)”或在“D:\junior_2\CG\ssao\x64\Debug\glfw.pdb”中寻找)；正在链接对象，如同没有调试信息一样
glfw3.lib(input.obj) : warning LNK4099: 未找到 PDB“glfw.pdb”(使用“glfw3.lib(input.obj)”或在“D:\junior_2\CG\ssao\x64\Debug\glfw.pdb”中寻找)；正在链接对象，如同没有调试信息一样
glfw3.lib(monitor.obj) : warning LNK4099: 未找到 PDB“glfw.pdb”(使用“glfw3.lib(monitor.obj)”或在“D:\junior_2\CG\ssao\x64\Debug\glfw.pdb”中寻找)；正在链接对象，如同没有调试信息一样
glfw3.lib(vulkan.obj) : warning LNK4099: 未找到 PDB“glfw.pdb”(使用“glfw3.lib(vulkan.obj)”或在“D:\junior_2\CG\ssao\x64\Debug\glfw.pdb”中寻找)；正在链接对象，如同没有调试信息一样
glfw3.lib(window.obj) : warning LNK4099: 未找到 PDB“glfw.pdb”(使用“glfw3.lib(window.obj)”或在“D:\junior_2\CG\ssao\x64\Debug\glfw.pdb”中寻找)；正在链接对象，如同没有调试信息一样
glfw3.lib(win32_init.obj) : warning LNK4099: 未找到 PDB“glfw.pdb”(使用“glfw3.lib(win32_init.obj)”或在“D:\junior_2\CG\ssao\x64\Debug\glfw.pdb”中寻找)；正在链接对象，如同没有调试信息一样
glfw3.lib(win32_joystick.obj) : warning LNK4099: 未找到 PDB“glfw.pdb”(使用“glfw3.lib(win32_joystick.obj)”或在“D:\junior_2\CG\ssao\x64\Debug\glfw.pdb”中寻找)；正在链接对象，如同没有调试信息一样
glfw3.lib(win32_monitor.obj) : warning LNK4099: 未找到 PDB“glfw.pdb”(使用“glfw3.lib(win32_monitor.obj)”或在“D:\junior_2\CG\ssao\x64\Debug\glfw.pdb”中寻找)；正在链接对象，如同没有调试信息一样
glfw3.lib(win32_time.obj) : warning LNK4099: 未找到 PDB“glfw.pdb”(使用“glfw3.lib(win32_time.obj)”或在“D:\junior_2\CG\ssao\x64\Debug\glfw.pdb”中寻找)；正在链接对象，如同没有调试信息一样
glfw3.lib(win32_thread.obj) : warning LNK4099: 未找到 PDB“glfw.pdb”(使用“glfw3.lib(win32_thread.obj)”或在“D:\junior_2\CG\ssao\x64\Debug\glfw.pdb”中寻找)；正在链接对象，如同没有调试信息一样
glfw3.lib(win32_window.obj) : warning LNK4099: 未找到 PDB“glfw.pdb”(使用“glfw3.lib(win32_window.obj)”或在“D:\junior_2\CG\ssao\x64\Debug\glfw.pdb”中寻找)；正在链接对象，如同没有调试信息一样
glfw3.lib(wgl_context.obj) : warning LNK4099: 未找到 PDB“glfw.pdb”(使用“glfw3.lib(wgl_context.obj)”或在“D:\junior_2\CG\ssao\x64\Debug\glfw.pdb”中寻找)；正在链接对象，如同没有调试信息一样
glfw3.lib(egl_context.obj) : warning LNK4099: 未找到 PDB“”(使用“glfw3.lib(egl_context.obj)”或在“”中寻找)；正在链接对象，如同没有调试信息一样
glfw3.lib(osmesa_context.obj) : warning LNK4099: 未找到 PDB“glfw.pdb”(使用“glfw3.lib(osmesa_context.obj)”或在“D:\junior_2\CG\ssao\x64\Debug\glfw.pdb”中寻找)；正在链接对象，如同没有调试信息一样
  ssao.vcxproj -> D:\junior_2\CG\ssao\x64\Debug\ssao.exe
